Copyright 1986-2022 Xilinx, Inc. All Rights Reserved. Copyright 2022-2024 Advanced Micro Devices, Inc. All Rights Reserved.
---------------------------------------------------------------------------------------------------------------------------------------------
| Tool Version : Vivado v.2024.1 (lin64) Build 5076996 Wed May 22 18:36:09 MDT 2024
| Date         : Sun Sep 15 22:04:40 2024
| Host         : eecs-digital-24 running 64-bit Ubuntu 24.04.1 LTS
| Command      : report_timing -file obj/post_place_timing.rpt
| Design       : top_level
| Device       : 7s50-csga324
| Speed File   : -1  PRODUCTION 1.23 2018-06-13
| Design State : Fully Placed
---------------------------------------------------------------------------------------------------------------------------------------------

Timing Report

Slack (MET) :             5.886ns  (required time - arrival time)
  Source:                 mssc/segment_counter_reg[5]/C
                            (rising edge-triggered cell FDRE clocked by gclk  {rise@0.000ns fall@4.000ns period=10.000ns})
  Destination:            mssc/segment_counter_reg[16]/R
                            (rising edge-triggered cell FDRE clocked by gclk  {rise@0.000ns fall@4.000ns period=10.000ns})
  Path Group:             gclk
  Path Type:              Setup (Max at Slow Process Corner)
  Requirement:            10.000ns  (gclk rise@10.000ns - gclk rise@0.000ns)
  Data Path Delay:        3.532ns  (logic 0.890ns (25.198%)  route 2.642ns (74.802%))
  Logic Levels:           3  (LUT2=1 LUT6=2)
  Clock Path Skew:        -0.023ns (DCD - SCD + CPR)
    Destination Clock Delay (DCD):    4.837ns = ( 14.837 - 10.000 ) 
    Source Clock Delay      (SCD):    5.127ns
    Clock Pessimism Removal (CPR):    0.268ns
  Clock Uncertainty:      0.035ns  ((TSJ^2 + TIJ^2)^1/2 + DJ) / 2 + PE
    Total System Jitter     (TSJ):    0.071ns
    Total Input Jitter      (TIJ):    0.000ns
    Discrete Jitter          (DJ):    0.000ns
    Phase Error              (PE):    0.000ns

    Location             Delay type                Incr(ns)  Path(ns)    Netlist Resource(s)
  -------------------------------------------------------------------    -------------------
                         (clock gclk rise edge)       0.000     0.000 r  
    N15                                               0.000     0.000 r  clk_100mhz (IN)
                         net (fo=0)                   0.000     0.000    clk_100mhz
    N15                  IBUF (Prop_ibuf_I_O)         1.440     1.440 r  clk_100mhz_IBUF_inst/O
                         net (fo=1, estimated)        1.972     3.412    clk_100mhz_IBUF
    BUFGCTRL_X0Y0        BUFG (Prop_bufg_I_O)         0.096     3.508 r  clk_100mhz_IBUF_BUFG_inst/O
                         net (fo=67, estimated)       1.619     5.127    mssc/CLK
    SLICE_X2Y85          FDRE                                         r  mssc/segment_counter_reg[5]/C
  -------------------------------------------------------------------    -------------------
    SLICE_X2Y85          FDRE (Prop_fdre_C_Q)         0.518     5.645 r  mssc/segment_counter_reg[5]/Q
                         net (fo=2, estimated)        0.997     6.642    mssc/segment_counter_reg[5]
    SLICE_X3Y85          LUT6 (Prop_lut6_I1_O)        0.124     6.766 r  mssc/segment_state[7]_i_2/O
                         net (fo=1, estimated)        0.435     7.201    mssc/segment_state[7]_i_2_n_0
    SLICE_X3Y85          LUT6 (Prop_lut6_I0_O)        0.124     7.325 r  mssc/segment_state[7]_i_1/O
                         net (fo=12, estimated)       0.533     7.858    mssc/segment_state
    SLICE_X3Y85          LUT2 (Prop_lut2_I1_O)        0.124     7.982 r  mssc/segment_counter[0]_i_1/O
                         net (fo=17, estimated)       0.677     8.659    mssc/segment_counter[0]_i_1_n_0
    SLICE_X2Y88          FDRE                                         r  mssc/segment_counter_reg[16]/R
  -------------------------------------------------------------------    -------------------

                         (clock gclk rise edge)      10.000    10.000 r  
    N15                                               0.000    10.000 r  clk_100mhz (IN)
                         net (fo=0)                   0.000    10.000    clk_100mhz
    N15                  IBUF (Prop_ibuf_I_O)         1.370    11.370 r  clk_100mhz_IBUF_inst/O
                         net (fo=1, estimated)        1.873    13.244    clk_100mhz_IBUF
    BUFGCTRL_X0Y0        BUFG (Prop_bufg_I_O)         0.091    13.335 r  clk_100mhz_IBUF_BUFG_inst/O
                         net (fo=67, estimated)       1.502    14.837    mssc/CLK
    SLICE_X2Y88          FDRE                                         r  mssc/segment_counter_reg[16]/C
                         clock pessimism              0.268    15.104    
                         clock uncertainty           -0.035    15.069    
    SLICE_X2Y88          FDRE (Setup_fdre_C_R)       -0.524    14.545    mssc/segment_counter_reg[16]
  -------------------------------------------------------------------
                         required time                         14.545    
                         arrival time                          -8.659    
  -------------------------------------------------------------------
                         slack                                  5.886    




