Copyright 1986-2022 Xilinx, Inc. All Rights Reserved. Copyright 2022-2024 Advanced Micro Devices, Inc. All Rights Reserved.
---------------------------------------------------------------------------------------------------------------------------------------------
| Tool Version : Vivado v.2024.1 (lin64) Build 5076996 Wed May 22 18:36:09 MDT 2024
| Date         : Sun Sep 15 22:04:47 2024
| Host         : eecs-digital-24 running 64-bit Ubuntu 24.04.1 LTS
| Command      : report_timing -file obj/post_route_timing.rpt
| Design       : top_level
| Device       : 7s50-csga324
| Speed File   : -1  PRODUCTION 1.23 2018-06-13
| Design State : Routed
---------------------------------------------------------------------------------------------------------------------------------------------

Timing Report

Slack (MET) :             5.811ns  (required time - arrival time)
  Source:                 mssc/segment_counter_reg[15]/C
                            (rising edge-triggered cell FDRE clocked by gclk  {rise@0.000ns fall@4.000ns period=10.000ns})
  Destination:            mssc/segment_counter_reg[16]/R
                            (rising edge-triggered cell FDRE clocked by gclk  {rise@0.000ns fall@4.000ns period=10.000ns})
  Path Group:             gclk
  Path Type:              Setup (Max at Slow Process Corner)
  Requirement:            10.000ns  (gclk rise@10.000ns - gclk rise@0.000ns)
  Data Path Delay:        3.606ns  (logic 0.890ns (24.682%)  route 2.716ns (75.318%))
  Logic Levels:           3  (LUT2=1 LUT6=2)
  Clock Path Skew:        -0.024ns (DCD - SCD + CPR)
    Destination Clock Delay (DCD):    4.835ns = ( 14.835 - 10.000 ) 
    Source Clock Delay      (SCD):    5.130ns
    Clock Pessimism Removal (CPR):    0.271ns
  Clock Uncertainty:      0.035ns  ((TSJ^2 + TIJ^2)^1/2 + DJ) / 2 + PE
    Total System Jitter     (TSJ):    0.071ns
    Total Input Jitter      (TIJ):    0.000ns
    Discrete Jitter          (DJ):    0.000ns
    Phase Error              (PE):    0.000ns

    Location             Delay type                Incr(ns)  Path(ns)    Netlist Resource(s)
  -------------------------------------------------------------------    -------------------
                         (clock gclk rise edge)       0.000     0.000 r  
    N15                                               0.000     0.000 r  clk_100mhz (IN)
                         net (fo=0)                   0.000     0.000    clk_100mhz
    N15                  IBUF (Prop_ibuf_I_O)         1.440     1.440 r  clk_100mhz_IBUF_inst/O
                         net (fo=1, routed)           1.972     3.412    clk_100mhz_IBUF
    BUFGCTRL_X0Y0        BUFG (Prop_bufg_I_O)         0.096     3.508 r  clk_100mhz_IBUF_BUFG_inst/O
                         net (fo=67, routed)          1.622     5.130    mssc/CLK
    SLICE_X2Y87          FDRE                                         r  mssc/segment_counter_reg[15]/C
  -------------------------------------------------------------------    -------------------
    SLICE_X2Y87          FDRE (Prop_fdre_C_Q)         0.518     5.648 r  mssc/segment_counter_reg[15]/Q
                         net (fo=2, routed)           1.218     6.866    mssc/segment_counter_reg[15]
    SLICE_X3Y85          LUT6 (Prop_lut6_I3_O)        0.124     6.990 r  mssc/segment_state[7]_i_2/O
                         net (fo=1, routed)           0.433     7.423    mssc/segment_state[7]_i_2_n_0
    SLICE_X3Y85          LUT6 (Prop_lut6_I0_O)        0.124     7.547 r  mssc/segment_state[7]_i_1/O
                         net (fo=12, routed)          0.414     7.960    mssc/segment_state
    SLICE_X3Y85          LUT2 (Prop_lut2_I1_O)        0.124     8.084 r  mssc/segment_counter[0]_i_1/O
                         net (fo=17, routed)          0.651     8.736    mssc/segment_counter[0]_i_1_n_0
    SLICE_X2Y88          FDRE                                         r  mssc/segment_counter_reg[16]/R
  -------------------------------------------------------------------    -------------------

                         (clock gclk rise edge)      10.000    10.000 r  
    N15                                               0.000    10.000 r  clk_100mhz (IN)
                         net (fo=0)                   0.000    10.000    clk_100mhz
    N15                  IBUF (Prop_ibuf_I_O)         1.370    11.370 r  clk_100mhz_IBUF_inst/O
                         net (fo=1, routed)           1.868    13.238    clk_100mhz_IBUF
    BUFGCTRL_X0Y0        BUFG (Prop_bufg_I_O)         0.091    13.329 r  clk_100mhz_IBUF_BUFG_inst/O
                         net (fo=67, routed)          1.506    14.835    mssc/CLK
    SLICE_X2Y88          FDRE                                         r  mssc/segment_counter_reg[16]/C
                         clock pessimism              0.271    15.106    
                         clock uncertainty           -0.035    15.070    
    SLICE_X2Y88          FDRE (Setup_fdre_C_R)       -0.524    14.546    mssc/segment_counter_reg[16]
  -------------------------------------------------------------------
                         required time                         14.546    
                         arrival time                          -8.736    
  -------------------------------------------------------------------
                         slack                                  5.811    




