Copyright 1986-2022 Xilinx, Inc. All Rights Reserved. Copyright 2022-2024 Advanced Micro Devices, Inc. All Rights Reserved.
---------------------------------------------------------------------------------------------------------------------------------------------
| Tool Version : Vivado v.2024.1 (lin64) Build 5076996 Wed May 22 18:36:09 MDT 2024
| Date         : Sun Sep 15 22:04:37 2024
| Host         : eecs-digital-24 running 64-bit Ubuntu 24.04.1 LTS
| Command      : report_timing -file obj/post_synth_timing.rpt
| Design       : top_level
| Device       : 7s50-csga324
| Speed File   : -1  PRODUCTION 1.23 2018-06-13
| Design State : Synthesized
---------------------------------------------------------------------------------------------------------------------------------------------

Timing Report

Slack (MET) :             5.181ns  (required time - arrival time)
  Source:                 mssc/segment_counter_reg[3]/C
                            (rising edge-triggered cell FDRE clocked by gclk  {rise@0.000ns fall@4.000ns period=10.000ns})
  Destination:            mssc/segment_counter_reg[0]/R
                            (rising edge-triggered cell FDRE clocked by gclk  {rise@0.000ns fall@4.000ns period=10.000ns})
  Path Group:             gclk
  Path Type:              Setup (Max at Slow Process Corner)
  Requirement:            10.000ns  (gclk rise@10.000ns - gclk rise@0.000ns)
  Data Path Delay:        4.206ns  (logic 0.999ns (23.752%)  route 3.207ns (76.248%))
  Logic Levels:           3  (LUT2=1 LUT6=2)
  Clock Path Skew:        -0.145ns (DCD - SCD + CPR)
    Destination Clock Delay (DCD):    2.660ns = ( 12.660 - 10.000 ) 
    Source Clock Delay      (SCD):    2.920ns
    Clock Pessimism Removal (CPR):    0.115ns
  Clock Uncertainty:      0.035ns  ((TSJ^2 + TIJ^2)^1/2 + DJ) / 2 + PE
    Total System Jitter     (TSJ):    0.071ns
    Total Input Jitter      (TIJ):    0.000ns
    Discrete Jitter          (DJ):    0.000ns
    Phase Error              (PE):    0.000ns

    Location             Delay type                Incr(ns)  Path(ns)    Netlist Resource(s)
  -------------------------------------------------------------------    -------------------
                         (clock gclk rise edge)       0.000     0.000 r  
    N15                                               0.000     0.000 r  clk_100mhz (IN)
                         net (fo=0)                   0.000     0.000    clk_100mhz
    N15                  IBUF (Prop_ibuf_I_O)         1.440     1.440 r  clk_100mhz_IBUF_inst/O
                         net (fo=1, unplaced)         0.800     2.240    clk_100mhz_IBUF
                         BUFG (Prop_bufg_I_O)         0.096     2.336 r  clk_100mhz_IBUF_BUFG_inst/O
                         net (fo=67, unplaced)        0.584     2.920    mssc/CLK
                         FDRE                                         r  mssc/segment_counter_reg[3]/C
  -------------------------------------------------------------------    -------------------
                         FDRE (Prop_fdre_C_Q)         0.456     3.376 f  mssc/segment_counter_reg[3]/Q
                         net (fo=2, unplaced)         0.976     4.352    mssc/segment_counter_reg[3]
                         LUT6 (Prop_lut6_I0_O)        0.295     4.647 r  mssc/segment_state[7]_i_2/O
                         net (fo=1, unplaced)         0.902     5.549    mssc/segment_state[7]_i_2_n_0
                         LUT6 (Prop_lut6_I0_O)        0.124     5.673 r  mssc/segment_state[7]_i_1/O
                         net (fo=12, unplaced)        0.497     6.170    mssc/segment_state
                         LUT2 (Prop_lut2_I1_O)        0.124     6.294 r  mssc/segment_counter[0]_i_1/O
                         net (fo=17, unplaced)        0.832     7.126    mssc/segment_counter[0]_i_1_n_0
                         FDRE                                         r  mssc/segment_counter_reg[0]/R
  -------------------------------------------------------------------    -------------------

                         (clock gclk rise edge)      10.000    10.000 r  
    N15                                               0.000    10.000 r  clk_100mhz (IN)
                         net (fo=0)                   0.000    10.000    clk_100mhz
    N15                  IBUF (Prop_ibuf_I_O)         1.370    11.370 r  clk_100mhz_IBUF_inst/O
                         net (fo=1, unplaced)         0.760    12.130    clk_100mhz_IBUF
                         BUFG (Prop_bufg_I_O)         0.091    12.221 r  clk_100mhz_IBUF_BUFG_inst/O
                         net (fo=67, unplaced)        0.439    12.660    mssc/CLK
                         FDRE                                         r  mssc/segment_counter_reg[0]/C
                         clock pessimism              0.115    12.775    
                         clock uncertainty           -0.035    12.740    
                         FDRE (Setup_fdre_C_R)       -0.433    12.307    mssc/segment_counter_reg[0]
  -------------------------------------------------------------------
                         required time                         12.307    
                         arrival time                          -7.126    
  -------------------------------------------------------------------
                         slack                                  5.181    




